<?xml version="1.0" encoding="UTF-8"?>
<!-- Generated by org.testng.reporters.JUnitXMLReporter -->
<testsuite ignored="0" hostname="KokilaPC" failures="0" tests="2" name="Default test" time="25.367" errors="0" timestamp="2025-05-28T09:46:50 IST">
  <testcase classname="Kokila.SeleniumEccomerece.test.SubmitOrderTest1" name="submitOrder" time="16.15"/>
  <testcase classname="Kokila.SeleniumEccomerece.test.SubmitOrderTest1" name="productInOrderPage" time="0.995"/>
</testsuite> <!-- Default test -->
