<?xml version="1.0" encoding="UTF-8"?>
<!-- Generated by org.testng.reporters.JUnitXMLReporter -->
<testsuite ignored="2" hostname="KokilaPC" failures="2" tests="2" name="Test" time="48.051" errors="0" timestamp="2025-05-29T09:03:50 IST">
  <testcase classname="Kokila.SeleniumEccomerece.test.SubmitOrderTest1" name="submitOrder" time="15.763">
    <failure type="java.lang.AssertionError" message="expected [true] but found [false]">
      <![CDATA[java.lang.AssertionError: expected [true] but found [false]
at Kokila.SeleniumEccomerece.test.SubmitOrderTest1.submitOrder(SubmitOrderTest1.java:54)
at java.base/java.util.ArrayList.forEach(ArrayList.java:1596)
at java.base/java.util.concurrent.FutureTask.run(FutureTask.java:317)
at java.base/java.util.concurrent.ThreadPoolExecutor.runWorker(ThreadPoolExecutor.java:1144)
at java.base/java.util.concurrent.ThreadPoolExecutor$Worker.run(ThreadPoolExecutor.java:642)
at java.base/java.lang.Thread.run(Thread.java:1583)
... Removed 19 stack frames]]>
    </failure>
  </testcase> <!-- submitOrder -->
  <testcase classname="Kokila.SeleniumEccomerece.test.SubmitOrderTest1" name="submitOrder" time="15.632">
    <failure type="java.lang.AssertionError" message="expected [true] but found [false]">
      <![CDATA[java.lang.AssertionError: expected [true] but found [false]
at Kokila.SeleniumEccomerece.test.SubmitOrderTest1.submitOrder(SubmitOrderTest1.java:54)
at java.base/java.util.ArrayList.forEach(ArrayList.java:1596)
at java.base/java.util.concurrent.FutureTask.run(FutureTask.java:317)
at java.base/java.util.concurrent.ThreadPoolExecutor.runWorker(ThreadPoolExecutor.java:1144)
at java.base/java.util.concurrent.ThreadPoolExecutor$Worker.run(ThreadPoolExecutor.java:642)
at java.base/java.lang.Thread.run(Thread.java:1583)
... Removed 19 stack frames]]>
    </failure>
  </testcase> <!-- submitOrder -->
  <testcase classname="Kokila.SeleniumEccomerece.test.SubmitOrderTest1" name="productInOrderPage" time="0.0">
    <ignored/>
  </testcase> <!-- productInOrderPage -->
  <testcase classname="Kokila.SeleniumEccomerece.test.ErrorValidations" name="IncorrectLogin" time="0.0">
    <ignored/>
  </testcase> <!-- IncorrectLogin -->
</testsuite> <!-- Test -->
