<?xml version="1.0" encoding="UTF-8"?>
<testng-results ignored="0" total="2" passed="2" failed="0" skipped="0">
  <reporter-output>
  </reporter-output>
  <suite started-at="2025-05-28T09:46:25 IST" name="Default suite" finished-at="2025-05-28T09:46:50 IST" duration-ms="25367">
    <groups>
    </groups>
    <test started-at="2025-05-28T09:46:25 IST" name="Default test" finished-at="2025-05-28T09:46:50 IST" duration-ms="25367">
      <class name="Kokila.SeleniumEccomerece.test.SubmitOrderTest1">
        <test-method is-config="true" signature="launchApplication()[pri:0, instance:Kokila.SeleniumEccomerece.test.SubmitOrderTest1@663c9e7a]" started-at="2025-05-28T09:46:25 IST" name="launchApplication" finished-at="2025-05-28T09:46:31 IST" duration-ms="5986" status="PASS">
          <reporter-output>
          </reporter-output>
        </test-method> <!-- launchApplication -->
        <test-method signature="submitOrder()[pri:0, instance:Kokila.SeleniumEccomerece.test.SubmitOrderTest1@663c9e7a]" started-at="2025-05-28T09:46:31 IST" name="submitOrder" finished-at="2025-05-28T09:46:47 IST" duration-ms="16150" status="PASS">
          <reporter-output>
          </reporter-output>
        </test-method> <!-- submitOrder -->
        <test-method is-config="true" signature="TearDown()[pri:0, instance:Kokila.SeleniumEccomerece.test.SubmitOrderTest1@663c9e7a]" started-at="2025-05-28T09:46:47 IST" name="TearDown" finished-at="2025-05-28T09:46:47 IST" duration-ms="192" status="PASS">
          <reporter-output>
          </reporter-output>
        </test-method> <!-- TearDown -->
        <test-method is-config="true" signature="launchApplication()[pri:0, instance:Kokila.SeleniumEccomerece.test.SubmitOrderTest1@663c9e7a]" started-at="2025-05-28T09:46:47 IST" name="launchApplication" finished-at="2025-05-28T09:46:49 IST" duration-ms="1822" status="PASS">
          <reporter-output>
          </reporter-output>
        </test-method> <!-- launchApplication -->
        <test-method signature="productInOrderPage()[pri:0, instance:Kokila.SeleniumEccomerece.test.SubmitOrderTest1@663c9e7a]" started-at="2025-05-28T09:46:49 IST" name="productInOrderPage" finished-at="2025-05-28T09:46:50 IST" depends-on-methods="Kokila.SeleniumEccomerece.test.SubmitOrderTest1.submitOrder" duration-ms="995" status="PASS">
          <reporter-output>
          </reporter-output>
        </test-method> <!-- productInOrderPage -->
        <test-method is-config="true" signature="TearDown()[pri:0, instance:Kokila.SeleniumEccomerece.test.SubmitOrderTest1@663c9e7a]" started-at="2025-05-28T09:46:50 IST" name="TearDown" finished-at="2025-05-28T09:46:50 IST" duration-ms="119" status="PASS">
          <reporter-output>
          </reporter-output>
        </test-method> <!-- TearDown -->
      </class> <!-- Kokila.SeleniumEccomerece.test.SubmitOrderTest1 -->
    </test> <!-- Default test -->
  </suite> <!-- Default suite -->
</testng-results>
