<?xml version="1.0" encoding="UTF-8"?>
<testng-results ignored="2" total="4" passed="0" failed="2" skipped="0">
  <reporter-output>
  </reporter-output>
  <suite started-at="2025-05-29T09:03:02 IST" name="Suite" finished-at="2025-05-29T09:03:50 IST" duration-ms="48051">
    <groups>
      <group name="purchase">
        <method signature="SubmitOrderTest1.submitOrder(java.util.HashMap)[pri:0, instance:Kokila.SeleniumEccomerece.test.SubmitOrderTest1@c430e6c]" name="submitOrder" class="Kokila.SeleniumEccomerece.test.SubmitOrderTest1"/>
      </group> <!-- purchase -->
    </groups>
    <test started-at="2025-05-29T09:03:02 IST" name="Test" finished-at="2025-05-29T09:03:50 IST" duration-ms="48051">
      <class name="Kokila.SeleniumEccomerece.test.SubmitOrderTest1">
        <test-method is-config="true" signature="launchApplication()[pri:0, instance:Kokila.SeleniumEccomerece.test.SubmitOrderTest1@c430e6c]" started-at="2025-05-29T09:03:03 IST" name="launchApplication" finished-at="2025-05-29T09:03:12 IST" duration-ms="9358" status="PASS">
          <reporter-output>
          </reporter-output>
        </test-method> <!-- launchApplication -->
        <test-method signature="submitOrder(java.util.HashMap)[pri:0, instance:Kokila.SeleniumEccomerece.test.SubmitOrderTest1@c430e6c]" started-at="2025-05-29T09:03:12 IST" name="submitOrder" data-provider="getData" finished-at="2025-05-29T09:03:28 IST" duration-ms="15763" status="FAIL">
          <params>
            <param index="0">
              <value>
                <![CDATA[{pwd=Kokila-34, email=kokila34@gmail.com}]]>
              </value>
            </param>
          </params>
          <exception class="java.lang.AssertionError">
            <message>
              <![CDATA[expected [true] but found [false]]]>
            </message>
            <full-stacktrace>
              <![CDATA[java.lang.AssertionError: expected [true] but found [false]
at org.testng.Assert.fail(Assert.java:111)
at org.testng.Assert.failNotEquals(Assert.java:1590)
at org.testng.Assert.assertTrue(Assert.java:57)
at org.testng.Assert.assertTrue(Assert.java:67)
at Kokila.SeleniumEccomerece.test.SubmitOrderTest1.submitOrder(SubmitOrderTest1.java:54)
at java.base/jdk.internal.reflect.DirectMethodHandleAccessor.invoke(DirectMethodHandleAccessor.java:103)
at java.base/java.lang.reflect.Method.invoke(Method.java:580)
at org.testng.internal.invokers.MethodInvocationHelper.invokeMethod(MethodInvocationHelper.java:141)
at org.testng.internal.invokers.TestInvoker.invokeMethod(TestInvoker.java:687)
at org.testng.internal.invokers.TestInvoker.invokeTestMethod(TestInvoker.java:230)
at org.testng.internal.invokers.MethodRunner.runInSequence(MethodRunner.java:63)
at org.testng.internal.invokers.TestInvoker$MethodInvocationAgent.invoke(TestInvoker.java:995)
at org.testng.internal.invokers.TestInvoker.invokeTestMethods(TestInvoker.java:203)
at org.testng.internal.invokers.TestMethodWorker.invokeTestMethods(TestMethodWorker.java:154)
at org.testng.internal.invokers.TestMethodWorker.run(TestMethodWorker.java:134)
at java.base/java.util.ArrayList.forEach(ArrayList.java:1596)
at org.testng.TestRunner.privateRun(TestRunner.java:741)
at org.testng.TestRunner.run(TestRunner.java:616)
at org.testng.SuiteRunner.runTest(SuiteRunner.java:421)
at org.testng.SuiteRunner$SuiteWorker.run(SuiteRunner.java:463)
at org.testng.internal.thread.ThreadUtil.lambda$execute$0(ThreadUtil.java:64)
at java.base/java.util.concurrent.FutureTask.run(FutureTask.java:317)
at java.base/java.util.concurrent.ThreadPoolExecutor.runWorker(ThreadPoolExecutor.java:1144)
at java.base/java.util.concurrent.ThreadPoolExecutor$Worker.run(ThreadPoolExecutor.java:642)
at java.base/java.lang.Thread.run(Thread.java:1583)
]]>
            </full-stacktrace>
          </exception> <!-- java.lang.AssertionError -->
          <reporter-output>
          </reporter-output>
        </test-method> <!-- submitOrder -->
        <test-method is-config="true" signature="TearDown()[pri:0, instance:Kokila.SeleniumEccomerece.test.SubmitOrderTest1@c430e6c]" started-at="2025-05-29T09:03:28 IST" name="TearDown" finished-at="2025-05-29T09:03:28 IST" duration-ms="294" status="PASS">
          <reporter-output>
          </reporter-output>
        </test-method> <!-- TearDown -->
        <test-method is-config="true" signature="launchApplication()[pri:0, instance:Kokila.SeleniumEccomerece.test.SubmitOrderTest1@c430e6c]" started-at="2025-05-29T09:03:28 IST" name="launchApplication" finished-at="2025-05-29T09:03:33 IST" duration-ms="5478" status="PASS">
          <reporter-output>
          </reporter-output>
        </test-method> <!-- launchApplication -->
        <test-method signature="submitOrder(java.util.HashMap)[pri:0, instance:Kokila.SeleniumEccomerece.test.SubmitOrderTest1@c430e6c]" started-at="2025-05-29T09:03:33 IST" name="submitOrder" data-provider="getData" finished-at="2025-05-29T09:03:49 IST" duration-ms="15632" status="FAIL">
          <params>
            <param index="0">
              <value>
                <![CDATA[{pwd=Kokila-12, email=kokila12@gmail.com}]]>
              </value>
            </param>
          </params>
          <exception class="java.lang.AssertionError">
            <message>
              <![CDATA[expected [true] but found [false]]]>
            </message>
            <full-stacktrace>
              <![CDATA[java.lang.AssertionError: expected [true] but found [false]
at org.testng.Assert.fail(Assert.java:111)
at org.testng.Assert.failNotEquals(Assert.java:1590)
at org.testng.Assert.assertTrue(Assert.java:57)
at org.testng.Assert.assertTrue(Assert.java:67)
at Kokila.SeleniumEccomerece.test.SubmitOrderTest1.submitOrder(SubmitOrderTest1.java:54)
at java.base/jdk.internal.reflect.DirectMethodHandleAccessor.invoke(DirectMethodHandleAccessor.java:103)
at java.base/java.lang.reflect.Method.invoke(Method.java:580)
at org.testng.internal.invokers.MethodInvocationHelper.invokeMethod(MethodInvocationHelper.java:141)
at org.testng.internal.invokers.TestInvoker.invokeMethod(TestInvoker.java:687)
at org.testng.internal.invokers.TestInvoker.invokeTestMethod(TestInvoker.java:230)
at org.testng.internal.invokers.MethodRunner.runInSequence(MethodRunner.java:63)
at org.testng.internal.invokers.TestInvoker$MethodInvocationAgent.invoke(TestInvoker.java:995)
at org.testng.internal.invokers.TestInvoker.invokeTestMethods(TestInvoker.java:203)
at org.testng.internal.invokers.TestMethodWorker.invokeTestMethods(TestMethodWorker.java:154)
at org.testng.internal.invokers.TestMethodWorker.run(TestMethodWorker.java:134)
at java.base/java.util.ArrayList.forEach(ArrayList.java:1596)
at org.testng.TestRunner.privateRun(TestRunner.java:741)
at org.testng.TestRunner.run(TestRunner.java:616)
at org.testng.SuiteRunner.runTest(SuiteRunner.java:421)
at org.testng.SuiteRunner$SuiteWorker.run(SuiteRunner.java:463)
at org.testng.internal.thread.ThreadUtil.lambda$execute$0(ThreadUtil.java:64)
at java.base/java.util.concurrent.FutureTask.run(FutureTask.java:317)
at java.base/java.util.concurrent.ThreadPoolExecutor.runWorker(ThreadPoolExecutor.java:1144)
at java.base/java.util.concurrent.ThreadPoolExecutor$Worker.run(ThreadPoolExecutor.java:642)
at java.base/java.lang.Thread.run(Thread.java:1583)
]]>
            </full-stacktrace>
          </exception> <!-- java.lang.AssertionError -->
          <reporter-output>
          </reporter-output>
        </test-method> <!-- submitOrder -->
        <test-method is-config="true" signature="TearDown()[pri:0, instance:Kokila.SeleniumEccomerece.test.SubmitOrderTest1@c430e6c]" started-at="2025-05-29T09:03:49 IST" name="TearDown" finished-at="2025-05-29T09:03:50 IST" duration-ms="453" status="PASS">
          <reporter-output>
          </reporter-output>
        </test-method> <!-- TearDown -->
      </class> <!-- Kokila.SeleniumEccomerece.test.SubmitOrderTest1 -->
    </test> <!-- Test -->
  </suite> <!-- Suite -->
</testng-results>
