<?xml version="1.0" encoding="UTF-8"?>
<!-- Generated by org.testng.reporters.JUnitReportReporter -->
<testsuite hostname="KokilaPC" failures="0" tests="2" name="Kokila.SeleniumEccomerece.test.SubmitOrderTest1" time="25.264" errors="0" timestamp="2025-05-28T09:46:50 IST" skipped="0">
  <testcase classname="Kokila.SeleniumEccomerece.test.SubmitOrderTest1" name="productInOrderPage" time="7.173"/>
  <testcase classname="Kokila.SeleniumEccomerece.test.SubmitOrderTest1" name="submitOrder" time="18.091"/>
</testsuite> <!-- Kokila.SeleniumEccomerece.test.SubmitOrderTest1 -->
